\BOOKMARK [0][-]{section*.1}{\315ndice general}{}% 1
\BOOKMARK [0][-]{chapter*.2}{Acr\362nims}{}% 2
\BOOKMARK [0][-]{chapter*.3}{Resum}{}% 3
\BOOKMARK [0][-]{chapter.1}{1 Introducci\363}{}% 4
\BOOKMARK [0][-]{chapter.2}{2 Instruccions generals i itinerari del Treball Final de Grau }{}% 5
\BOOKMARK [1][-]{section.2.1}{2.1 Inici del Treball Final de Grau}{chapter.2}% 6
\BOOKMARK [1][-]{section.2.2}{2.2 Selecci\363 del tema de Treball Final de Grau}{chapter.2}% 7
\BOOKMARK [1][-]{section.2.3}{2.3 Preparaci\363 de la proposta i contracte docent}{chapter.2}% 8
\BOOKMARK [1][-]{section.2.4}{2.4 Desenvolupament del Treball Final de Grau}{chapter.2}% 9
\BOOKMARK [1][-]{section.2.5}{2.5 Dip\362sit de la mem\362ria}{chapter.2}% 10
\BOOKMARK [1][-]{section.2.6}{2.6 Preparaci\363 de la presentaci\363}{chapter.2}% 11
\BOOKMARK [0][-]{chapter.3}{3 La proposta de treball de final de grau}{}% 12
\BOOKMARK [1][-]{section.3.1}{3.1 Principis b\340sics}{chapter.3}% 13
\BOOKMARK [1][-]{section.3.2}{3.2 La proposta de tema}{chapter.3}% 14
\BOOKMARK [1][-]{section.3.3}{3.3 Estructura de la proposta de Treball Final de Grau}{chapter.3}% 15
\BOOKMARK [0][-]{chapter.4}{4 La mem\362ria del treball de final de grau}{}% 16
\BOOKMARK [1][-]{section.4.1}{4.1 Principis b\340sics}{chapter.4}% 17
\BOOKMARK [1][-]{section.4.2}{4.2 Bones pr\340ctiques}{chapter.4}% 18
\BOOKMARK [2][-]{subsection.4.2.1}{4.2.1 Focalitzaci\363}{section.4.2}% 19
\BOOKMARK [2][-]{subsection.4.2.2}{4.2.2 Elaboraci\363 de l'esb\363s}{section.4.2}% 20
\BOOKMARK [2][-]{subsection.4.2.3}{4.2.3 Redacci\363}{section.4.2}% 21
\BOOKMARK [1][-]{section.4.3}{4.3 Estructura del Treball Final de Grau}{chapter.4}% 22
\BOOKMARK [2][-]{subsection.4.3.1}{4.3.1 Portada}{section.4.3}% 23
\BOOKMARK [2][-]{subsection.4.3.2}{4.3.2 Taula de continguts o Sumari}{section.4.3}% 24
\BOOKMARK [2][-]{subsection.4.3.3}{4.3.3 Llista de figures}{section.4.3}% 25
\BOOKMARK [2][-]{subsection.4.3.4}{4.3.4 Llista de taules}{section.4.3}% 26
\BOOKMARK [2][-]{subsection.4.3.5}{4.3.5 Llista d'acr\362nims}{section.4.3}% 27
\BOOKMARK [2][-]{subsection.4.3.6}{4.3.6 Resum}{section.4.3}% 28
\BOOKMARK [2][-]{subsection.4.3.7}{4.3.7 Agra\357ments}{section.4.3}% 29
\BOOKMARK [2][-]{subsection.4.3.8}{4.3.8 Introducci\363}{section.4.3}% 30
\BOOKMARK [2][-]{subsection.4.3.9}{4.3.9 Desenvolupament}{section.4.3}% 31
\BOOKMARK [2][-]{subsection.4.3.10}{4.3.10 Resultats i discussi\363}{section.4.3}% 32
\BOOKMARK [2][-]{subsection.4.3.11}{4.3.11 Conclusions}{section.4.3}% 33
\BOOKMARK [2][-]{subsection.4.3.12}{4.3.12 Ap\350ndixs}{section.4.3}% 34
\BOOKMARK [2][-]{subsection.4.3.13}{4.3.13 Refer\350ncies bibliogr\340fiques}{section.4.3}% 35
\BOOKMARK [0][-]{chapter.5}{5 La presentaci\363 del Treball Final de Grau}{}% 36
\BOOKMARK [1][-]{section.5.1}{5.1 Principis b\340sics}{chapter.5}% 37
\BOOKMARK [1][-]{section.5.2}{5.2 Bones pr\340ctiques}{chapter.5}% 38
\BOOKMARK [2][-]{subsection.5.2.1}{5.2.1 Les transpar\350ncies}{section.5.2}% 39
\BOOKMARK [2][-]{subsection.5.2.2}{5.2.2 L'exposici\363 i la defensa}{section.5.2}% 40
\BOOKMARK [1][-]{section.5.3}{5.3 Estructura de la presentaci\363 del Treball Final de Grau}{chapter.5}% 41
\BOOKMARK [2][-]{subsection.5.3.1}{5.3.1 Portada}{section.5.3}% 42
\BOOKMARK [2][-]{subsection.5.3.2}{5.3.2 \315ndex}{section.5.3}% 43
\BOOKMARK [2][-]{subsection.5.3.3}{5.3.3 Desenvolupament}{section.5.3}% 44
\BOOKMARK [2][-]{subsection.5.3.4}{5.3.4 Resultats}{section.5.3}% 45
\BOOKMARK [2][-]{subsection.5.3.5}{5.3.5 Conclusions}{section.5.3}% 46
\BOOKMARK [0][-]{chapter.6}{6 Conclusions}{}% 47
\BOOKMARK [0][-]{appendix.A}{A Format final}{}% 48
\BOOKMARK [1][-]{section.A.1}{A.1 Paper i impressi\363}{appendix.A}% 49
\BOOKMARK [2][-]{subsection.A.1.1}{A.1.1 Paper}{section.A.1}% 50
\BOOKMARK [2][-]{subsection.A.1.2}{A.1.2 Impressi\363 a dues cares}{section.A.1}% 51
\BOOKMARK [1][-]{section.A.2}{A.2 Enquadernaci\363}{appendix.A}% 52
\BOOKMARK [1][-]{section.A.3}{A.3 La plantilla de LaTeX}{appendix.A}% 53
\BOOKMARK [1][-]{section.A.4}{A.4 F\363rmules, figures i taules}{appendix.A}% 54
\BOOKMARK [2][-]{subsection.A.4.1}{A.4.1 F\363rmules}{section.A.4}% 55
\BOOKMARK [2][-]{subsection.A.4.2}{A.4.2 Figures}{section.A.4}% 56
\BOOKMARK [2][-]{subsection.A.4.3}{A.4.3 Taules}{section.A.4}% 57
\BOOKMARK [1][-]{section.A.5}{A.5 Bibliografia}{appendix.A}% 58
\BOOKMARK [1][-]{section.A.6}{A.6 Acr\362nims}{appendix.A}% 59
